<?xml version="1.0" encoding="UTF-8" ?>
<testsuite 
errors="0" failures="0" hostname="vm" name="org.scalatest.tools.DiscoverySuite" tests="0" time="0.029" timestamp="2022-06-15T03:40:01">
  <properties>
    <property name="java.runtime.name" value="OpenJDK Runtime Environment"/>
    <property name="java.vm.version" value="11.0.13+8-Ubuntu-0ubuntu1.21.04"/>
    <property 
    name="sun.boot.library.path" value="/usr/lib/jvm/java-11-openjdk-amd64/lib">
</property>
    <property name="java.vm.vendor" value="Ubuntu"/>
    <property name="java.vendor.url" value="https://ubuntu.com/"/>
    <property name="path.separator" value=":"/>
    <property name="java.vm.name" value="OpenJDK 64-Bit Server VM"/>
    <property name="sun.os.patch.level" value="unknown"/>
    <property name="user.country" value="PL"/>
    <property name="sun.java.launcher" value="SUN_STANDARD"/>
    <property 
    name="java.vm.specification.name" value="Java Virtual Machine Specification">
</property>
    <property name="user.dir" value="/home/student/spark-maven-demo"/>
    <property name="java.vm.compressedOopsMode" value="32-bit"/>
    <property 
    name="java.runtime.version" value="11.0.13+8-Ubuntu-0ubuntu1.21.04">
</property>
    <property 
    name="java.awt.graphicsenv" value="sun.awt.X11GraphicsEnvironment">
</property>
    <property name="basedir" value="/home/student/spark-maven-demo"/>
    <property name="os.arch" value="amd64"/>
    <property name="java.io.tmpdir" value="/tmp"/>
    <property name="line.separator" value=" "/>
    <property name="java.vm.specification.vendor" value="Oracle Corporation"/>
    <property name="os.name" value="Linux"/>
    <property name="sun.jnu.encoding" value="UTF-8"/>
    <property 
    name="java.library.path" value="/usr/java/packages/lib:/usr/lib/x86_64-linux-gnu/jni:/lib/x86_64-linux-gnu:/usr/lib/x86_64-linux-gnu:/usr/lib/jni:/lib:/usr/lib">
</property>
    <property name="jdk.debug" value="release"/>
    <property name="java.class.version" value="55.0"/>
    <property 
    name="java.specification.name" value="Java Platform API Specification">
</property>
    <property 
    name="sun.management.compiler" value="HotSpot 64-Bit Tiered Compilers">
</property>
    <property name="os.version" value="5.11.0-16-generic"/>
    <property name="user.home" value="/home/student"/>
    <property name="user.timezone" value=""/>
    <property name="java.awt.printerjob" value="sun.print.PSPrinterJob"/>
    <property name="file.encoding" value="UTF-8"/>
    <property name="java.specification.version" value="11"/>
    <property name="user.name" value="student"/>
    <property 
    name="java.class.path" value="/home/student/spark-maven-demo/target/test-classes:/home/student/spark-maven-demo/target/classes:/home/student/.m2/repository/org/scala-lang/scala-library/2.12.15/scala-library-2.12.15.jar:/home/student/.m2/repository/org/apache/spark/spark-core_2.12/3.2.1/spark-core_2.12-3.2.1.jar:/home/student/.m2/repository/org/apache/avro/avro/1.10.2/avro-1.10.2.jar:/home/student/.m2/repository/org/apache/avro/avro-mapred/1.10.2/avro-mapred-1.10.2.jar:/home/student/.m2/repository/org/apache/avro/avro-ipc/1.10.2/avro-ipc-1.10.2.jar:/home/student/.m2/repository/org/tukaani/xz/1.8/xz-1.8.jar:/home/student/.m2/repository/com/twitter/chill_2.12/0.10.0/chill_2.12-0.10.0.jar:/home/student/.m2/repository/com/esotericsoftware/kryo-shaded/4.0.2/kryo-shaded-4.0.2.jar:/home/student/.m2/repository/com/esotericsoftware/minlog/1.3.0/minlog-1.3.0.jar:/home/student/.m2/repository/org/objenesis/objenesis/2.5.1/objenesis-2.5.1.jar:/home/student/.m2/repository/com/twitter/chill-java/0.10.0/chill-java-0.10.0.jar:/home/student/.m2/repository/org/apache/xbean/xbean-asm9-shaded/4.20/xbean-asm9-shaded-4.20.jar:/home/student/.m2/repository/org/apache/hadoop/hadoop-client-api/3.3.1/hadoop-client-api-3.3.1.jar:/home/student/.m2/repository/org/apache/hadoop/hadoop-client-runtime/3.3.1/hadoop-client-runtime-3.3.1.jar:/home/student/.m2/repository/org/apache/spark/spark-launcher_2.12/3.2.1/spark-launcher_2.12-3.2.1.jar:/home/student/.m2/repository/org/apache/spark/spark-kvstore_2.12/3.2.1/spark-kvstore_2.12-3.2.1.jar:/home/student/.m2/repository/org/fusesource/leveldbjni/leveldbjni-all/1.8/leveldbjni-all-1.8.jar:/home/student/.m2/repository/com/fasterxml/jackson/core/jackson-annotations/2.12.3/jackson-annotations-2.12.3.jar:/home/student/.m2/repository/org/apache/spark/spark-network-common_2.12/3.2.1/spark-network-common_2.12-3.2.1.jar:/home/student/.m2/repository/com/google/crypto/tink/tink/1.6.0/tink-1.6.0.jar:/home/student/.m2/repository/org/apache/spark/spark-network-shuffle_2.12/3.2.1/spark-network-shuffle_2.12-3.2.1.jar:/home/student/.m2/repository/org/apache/spark/spark-unsafe_2.12/3.2.1/spark-unsafe_2.12-3.2.1.jar:/home/student/.m2/repository/javax/activation/activation/1.1.1/activation-1.1.1.jar:/home/student/.m2/repository/org/apache/curator/curator-recipes/2.13.0/curator-recipes-2.13.0.jar:/home/student/.m2/repository/org/apache/curator/curator-framework/2.13.0/curator-framework-2.13.0.jar:/home/student/.m2/repository/org/apache/zookeeper/zookeeper/3.6.2/zookeeper-3.6.2.jar:/home/student/.m2/repository/commons-lang/commons-lang/2.6/commons-lang-2.6.jar:/home/student/.m2/repository/org/apache/zookeeper/zookeeper-jute/3.6.2/zookeeper-jute-3.6.2.jar:/home/student/.m2/repository/org/apache/yetus/audience-annotations/0.5.0/audience-annotations-0.5.0.jar:/home/student/.m2/repository/jakarta/servlet/jakarta.servlet-api/4.0.3/jakarta.servlet-api-4.0.3.jar:/home/student/.m2/repository/commons-codec/commons-codec/1.15/commons-codec-1.15.jar:/home/student/.m2/repository/org/apache/commons/commons-lang3/3.12.0/commons-lang3-3.12.0.jar:/home/student/.m2/repository/org/apache/commons/commons-math3/3.4.1/commons-math3-3.4.1.jar:/home/student/.m2/repository/org/apache/commons/commons-text/1.6/commons-text-1.6.jar:/home/student/.m2/repository/commons-io/commons-io/2.8.0/commons-io-2.8.0.jar:/home/student/.m2/repository/commons-collections/commons-collections/3.2.2/commons-collections-3.2.2.jar:/home/student/.m2/repository/com/google/code/findbugs/jsr305/3.0.0/jsr305-3.0.0.jar:/home/student/.m2/repository/org/slf4j/slf4j-api/1.7.30/slf4j-api-1.7.30.jar:/home/student/.m2/repository/org/slf4j/jul-to-slf4j/1.7.30/jul-to-slf4j-1.7.30.jar:/home/student/.m2/repository/org/slf4j/jcl-over-slf4j/1.7.30/jcl-over-slf4j-1.7.30.jar:/home/student/.m2/repository/log4j/log4j/1.2.17/log4j-1.2.17.jar:/home/student/.m2/repository/org/slf4j/slf4j-log4j12/1.7.30/slf4j-log4j12-1.7.30.jar:/home/student/.m2/repository/com/ning/compress-lzf/1.0.3/compress-lzf-1.0.3.jar:/home/student/.m2/repository/org/xerial/snappy/snappy-java/1.1.8.4/snappy-java-1.1.8.4.jar:/home/student/.m2/repository/org/lz4/lz4-java/1.7.1/lz4-java-1.7.1.jar:/home/student/.m2/repository/com/github/luben/zstd-jni/1.5.0-4/zstd-jni-1.5.0-4.jar:/home/student/.m2/repository/org/roaringbitmap/RoaringBitmap/0.9.0/RoaringBitmap-0.9.0.jar:/home/student/.m2/repository/org/roaringbitmap/shims/0.9.0/shims-0.9.0.jar:/home/student/.m2/repository/commons-net/commons-net/3.1/commons-net-3.1.jar:/home/student/.m2/repository/org/scala-lang/modules/scala-xml_2.12/1.2.0/scala-xml_2.12-1.2.0.jar:/home/student/.m2/repository/org/scala-lang/scala-reflect/2.12.15/scala-reflect-2.12.15.jar:/home/student/.m2/repository/org/json4s/json4s-jackson_2.12/3.7.0-M11/json4s-jackson_2.12-3.7.0-M11.jar:/home/student/.m2/repository/org/json4s/json4s-core_2.12/3.7.0-M11/json4s-core_2.12-3.7.0-M11.jar:/home/student/.m2/repository/org/json4s/json4s-ast_2.12/3.7.0-M11/json4s-ast_2.12-3.7.0-M11.jar:/home/student/.m2/repository/org/json4s/json4s-scalap_2.12/3.7.0-M11/json4s-scalap_2.12-3.7.0-M11.jar:/home/student/.m2/repository/org/glassfish/jersey/core/jersey-client/2.34/jersey-client-2.34.jar:/home/student/.m2/repository/jakarta/ws/rs/jakarta.ws.rs-api/2.1.6/jakarta.ws.rs-api-2.1.6.jar:/home/student/.m2/repository/org/glassfish/hk2/external/jakarta.inject/2.6.1/jakarta.inject-2.6.1.jar:/home/student/.m2/repository/org/glassfish/jersey/core/jersey-common/2.34/jersey-common-2.34.jar:/home/student/.m2/repository/jakarta/annotation/jakarta.annotation-api/1.3.5/jakarta.annotation-api-1.3.5.jar:/home/student/.m2/repository/org/glassfish/hk2/osgi-resource-locator/1.0.3/osgi-resource-locator-1.0.3.jar:/home/student/.m2/repository/org/glassfish/jersey/core/jersey-server/2.34/jersey-server-2.34.jar:/home/student/.m2/repository/jakarta/validation/jakarta.validation-api/2.0.2/jakarta.validation-api-2.0.2.jar:/home/student/.m2/repository/org/glassfish/jersey/containers/jersey-container-servlet/2.34/jersey-container-servlet-2.34.jar:/home/student/.m2/repository/org/glassfish/jersey/containers/jersey-container-servlet-core/2.34/jersey-container-servlet-core-2.34.jar:/home/student/.m2/repository/org/glassfish/jersey/inject/jersey-hk2/2.34/jersey-hk2-2.34.jar:/home/student/.m2/repository/org/glassfish/hk2/hk2-locator/2.6.1/hk2-locator-2.6.1.jar:/home/student/.m2/repository/org/glassfish/hk2/external/aopalliance-repackaged/2.6.1/aopalliance-repackaged-2.6.1.jar:/home/student/.m2/repository/org/glassfish/hk2/hk2-api/2.6.1/hk2-api-2.6.1.jar:/home/student/.m2/repository/org/glassfish/hk2/hk2-utils/2.6.1/hk2-utils-2.6.1.jar:/home/student/.m2/repository/org/javassist/javassist/3.25.0-GA/javassist-3.25.0-GA.jar:/home/student/.m2/repository/io/netty/netty-all/4.1.68.Final/netty-all-4.1.68.Final.jar:/home/student/.m2/repository/com/clearspring/analytics/stream/2.9.6/stream-2.9.6.jar:/home/student/.m2/repository/io/dropwizard/metrics/metrics-core/4.2.0/metrics-core-4.2.0.jar:/home/student/.m2/repository/io/dropwizard/metrics/metrics-jvm/4.2.0/metrics-jvm-4.2.0.jar:/home/student/.m2/repository/io/dropwizard/metrics/metrics-json/4.2.0/metrics-json-4.2.0.jar:/home/student/.m2/repository/io/dropwizard/metrics/metrics-graphite/4.2.0/metrics-graphite-4.2.0.jar:/home/student/.m2/repository/io/dropwizard/metrics/metrics-jmx/4.2.0/metrics-jmx-4.2.0.jar:/home/student/.m2/repository/com/fasterxml/jackson/core/jackson-databind/2.12.3/jackson-databind-2.12.3.jar:/home/student/.m2/repository/com/fasterxml/jackson/module/jackson-module-scala_2.12/2.12.3/jackson-module-scala_2.12-2.12.3.jar:/home/student/.m2/repository/com/thoughtworks/paranamer/paranamer/2.8/paranamer-2.8.jar:/home/student/.m2/repository/org/apache/ivy/ivy/2.5.0/ivy-2.5.0.jar:/home/student/.m2/repository/oro/oro/2.0.8/oro-2.0.8.jar:/home/student/.m2/repository/net/razorvine/pyrolite/4.30/pyrolite-4.30.jar:/home/student/.m2/repository/net/sf/py4j/py4j/0.10.9.3/py4j-0.10.9.3.jar:/home/student/.m2/repository/org/apache/spark/spark-tags_2.12/3.2.1/spark-tags_2.12-3.2.1.jar:/home/student/.m2/repository/org/apache/commons/commons-crypto/1.1.0/commons-crypto-1.1.0.jar:/home/student/.m2/repository/org/spark-project/spark/unused/1.0.0/unused-1.0.0.jar:/home/student/.m2/repository/org/apache/spark/spark-sql_2.12/3.2.1/spark-sql_2.12-3.2.1.jar:/home/student/.m2/repository/org/rocksdb/rocksdbjni/6.20.3/rocksdbjni-6.20.3.jar:/home/student/.m2/repository/com/univocity/univocity-parsers/2.9.1/univocity-parsers-2.9.1.jar:/home/student/.m2/repository/org/apache/spark/spark-sketch_2.12/3.2.1/spark-sketch_2.12-3.2.1.jar:/home/student/.m2/repository/org/apache/spark/spark-catalyst_2.12/3.2.1/spark-catalyst_2.12-3.2.1.jar:/home/student/.m2/repository/org/codehaus/janino/janino/3.0.16/janino-3.0.16.jar:/home/student/.m2/repository/org/codehaus/janino/commons-compiler/3.0.16/commons-compiler-3.0.16.jar:/home/student/.m2/repository/javax/xml/bind/jaxb-api/2.2.11/jaxb-api-2.2.11.jar:/home/student/.m2/repository/org/apache/arrow/arrow-vector/2.0.0/arrow-vector-2.0.0.jar:/home/student/.m2/repository/org/apache/arrow/arrow-format/2.0.0/arrow-format-2.0.0.jar:/home/student/.m2/repository/org/apache/arrow/arrow-memory-core/2.0.0/arrow-memory-core-2.0.0.jar:/home/student/.m2/repository/com/google/flatbuffers/flatbuffers-java/1.9.0/flatbuffers-java-1.9.0.jar:/home/student/.m2/repository/org/apache/arrow/arrow-memory-netty/2.0.0/arrow-memory-netty-2.0.0.jar:/home/student/.m2/repository/org/apache/orc/orc-core/1.6.12/orc-core-1.6.12.jar:/home/student/.m2/repository/org/apache/orc/orc-shims/1.6.12/orc-shims-1.6.12.jar:/home/student/.m2/repository/io/airlift/aircompressor/0.21/aircompressor-0.21.jar:/home/student/.m2/repository/org/jetbrains/annotations/17.0.0/annotations-17.0.0.jar:/home/student/.m2/repository/org/threeten/threeten-extra/1.5.0/threeten-extra-1.5.0.jar:/home/student/.m2/repository/org/apache/orc/orc-mapreduce/1.6.12/orc-mapreduce-1.6.12.jar:/home/student/.m2/repository/org/apache/hive/hive-storage-api/2.7.2/hive-storage-api-2.7.2.jar:/home/student/.m2/repository/org/apache/parquet/parquet-column/1.12.2/parquet-column-1.12.2.jar:/home/student/.m2/repository/org/apache/parquet/parquet-common/1.12.2/parquet-common-1.12.2.jar:/home/student/.m2/repository/org/apache/parquet/parquet-encoding/1.12.2/parquet-encoding-1.12.2.jar:/home/student/.m2/repository/org/apache/parquet/parquet-hadoop/1.12.2/parquet-hadoop-1.12.2.jar:/home/student/.m2/repository/org/apache/parquet/parquet-format-structures/1.12.2/parquet-format-structures-1.12.2.jar:/home/student/.m2/repository/org/apache/parquet/parquet-jackson/1.12.2/parquet-jackson-1.12.2.jar:/home/student/.m2/repository/org/apache/spark/spark-mllib_2.12/3.2.1/spark-mllib_2.12-3.2.1.jar:/home/student/.m2/repository/org/scala-lang/modules/scala-parser-combinators_2.12/1.1.2/scala-parser-combinators_2.12-1.1.2.jar:/home/student/.m2/repository/org/apache/spark/spark-streaming_2.12/3.2.1/spark-streaming_2.12-3.2.1.jar:/home/student/.m2/repository/org/apache/spark/spark-graphx_2.12/3.2.1/spark-graphx_2.12-3.2.1.jar:/home/student/.m2/repository/net/sourceforge/f2j/arpack_combined_all/0.1/arpack_combined_all-0.1.jar:/home/student/.m2/repository/org/apache/spark/spark-mllib-local_2.12/3.2.1/spark-mllib-local_2.12-3.2.1.jar:/home/student/.m2/repository/org/scalanlp/breeze_2.12/1.2/breeze_2.12-1.2.jar:/home/student/.m2/repository/org/scalanlp/breeze-macros_2.12/1.2/breeze-macros_2.12-1.2.jar:/home/student/.m2/repository/com/github/fommil/netlib/core/1.1.2/core-1.1.2.jar:/home/student/.m2/repository/net/sf/opencsv/opencsv/2.3/opencsv-2.3.jar:/home/student/.m2/repository/com/github/wendykierp/JTransforms/3.1/JTransforms-3.1.jar:/home/student/.m2/repository/pl/edu/icm/JLargeArrays/1.5/JLargeArrays-1.5.jar:/home/student/.m2/repository/com/chuusai/shapeless_2.12/2.3.3/shapeless_2.12-2.3.3.jar:/home/student/.m2/repository/org/typelevel/macro-compat_2.12/1.1.1/macro-compat_2.12-1.1.1.jar:/home/student/.m2/repository/org/typelevel/spire_2.12/0.17.0/spire_2.12-0.17.0.jar:/home/student/.m2/repository/org/typelevel/spire-macros_2.12/0.17.0/spire-macros_2.12-0.17.0.jar:/home/student/.m2/repository/org/typelevel/spire-platform_2.12/0.17.0/spire-platform_2.12-0.17.0.jar:/home/student/.m2/repository/org/typelevel/spire-util_2.12/0.17.0/spire-util_2.12-0.17.0.jar:/home/student/.m2/repository/org/typelevel/algebra_2.12/2.0.1/algebra_2.12-2.0.1.jar:/home/student/.m2/repository/org/typelevel/cats-kernel_2.12/2.1.1/cats-kernel_2.12-2.1.1.jar:/home/student/.m2/repository/org/scala-lang/modules/scala-collection-compat_2.12/2.1.1/scala-collection-compat_2.12-2.1.1.jar:/home/student/.m2/repository/org/glassfish/jaxb/jaxb-runtime/2.3.2/jaxb-runtime-2.3.2.jar:/home/student/.m2/repository/jakarta/xml/bind/jakarta.xml.bind-api/2.3.2/jakarta.xml.bind-api-2.3.2.jar:/home/student/.m2/repository/com/sun/istack/istack-commons-runtime/3.0.8/istack-commons-runtime-3.0.8.jar:/home/student/.m2/repository/dev/ludovic/netlib/blas/2.2.1/blas-2.2.1.jar:/home/student/.m2/repository/dev/ludovic/netlib/lapack/2.2.1/lapack-2.2.1.jar:/home/student/.m2/repository/dev/ludovic/netlib/arpack/2.2.1/arpack-2.2.1.jar:/home/student/.m2/repository/org/apache/hadoop/hadoop-common/3.3.0/hadoop-common-3.3.0.jar:/home/student/.m2/repository/org/apache/hadoop/thirdparty/hadoop-shaded-protobuf_3_7/1.0.0/hadoop-shaded-protobuf_3_7-1.0.0.jar:/home/student/.m2/repository/org/apache/hadoop/hadoop-annotations/3.3.0/hadoop-annotations-3.3.0.jar:/home/student/.jdks/corretto-1.8.0_332/jre/../lib/tools.jar:/home/student/.m2/repository/com/google/guava/guava/27.0-jre/guava-27.0-jre.jar:/home/student/.m2/repository/com/google/guava/failureaccess/1.0/failureaccess-1.0.jar:/home/student/.m2/repository/com/google/guava/listenablefuture/9999.0-empty-to-avoid-conflict-with-guava/listenablefuture-9999.0-empty-to-avoid-conflict-with-guava.jar:/home/student/.m2/repository/org/checkerframework/checker-qual/2.5.2/checker-qual-2.5.2.jar:/home/student/.m2/repository/com/google/j2objc/j2objc-annotations/1.1/j2objc-annotations-1.1.jar:/home/student/.m2/repository/org/codehaus/mojo/animal-sniffer-annotations/1.17/animal-sniffer-annotations-1.17.jar:/home/student/.m2/repository/commons-cli/commons-cli/1.2/commons-cli-1.2.jar:/home/student/.m2/repository/org/apache/httpcomponents/httpclient/4.5.6/httpclient-4.5.6.jar:/home/student/.m2/repository/org/apache/httpcomponents/httpcore/4.4.10/httpcore-4.4.10.jar:/home/student/.m2/repository/javax/servlet/javax.servlet-api/3.1.0/javax.servlet-api-3.1.0.jar:/home/student/.m2/repository/javax/activation/javax.activation-api/1.2.0/javax.activation-api-1.2.0.jar:/home/student/.m2/repository/org/eclipse/jetty/jetty-server/9.4.20.v20190813/jetty-server-9.4.20.v20190813.jar:/home/student/.m2/repository/org/eclipse/jetty/jetty-http/9.4.20.v20190813/jetty-http-9.4.20.v20190813.jar:/home/student/.m2/repository/org/eclipse/jetty/jetty-io/9.4.20.v20190813/jetty-io-9.4.20.v20190813.jar:/home/student/.m2/repository/org/eclipse/jetty/jetty-util/9.4.20.v20190813/jetty-util-9.4.20.v20190813.jar:/home/student/.m2/repository/org/eclipse/jetty/jetty-servlet/9.4.20.v20190813/jetty-servlet-9.4.20.v20190813.jar:/home/student/.m2/repository/org/eclipse/jetty/jetty-security/9.4.20.v20190813/jetty-security-9.4.20.v20190813.jar:/home/student/.m2/repository/org/eclipse/jetty/jetty-webapp/9.4.20.v20190813/jetty-webapp-9.4.20.v20190813.jar:/home/student/.m2/repository/org/eclipse/jetty/jetty-xml/9.4.20.v20190813/jetty-xml-9.4.20.v20190813.jar:/home/student/.m2/repository/javax/servlet/jsp/jsp-api/2.1/jsp-api-2.1.jar:/home/student/.m2/repository/com/sun/jersey/jersey-core/1.19/jersey-core-1.19.jar:/home/student/.m2/repository/javax/ws/rs/jsr311-api/1.1.1/jsr311-api-1.1.1.jar:/home/student/.m2/repository/com/sun/jersey/jersey-servlet/1.19/jersey-servlet-1.19.jar:/home/student/.m2/repository/com/sun/jersey/jersey-json/1.19/jersey-json-1.19.jar:/home/student/.m2/repository/org/codehaus/jettison/jettison/1.1/jettison-1.1.jar:/home/student/.m2/repository/com/sun/xml/bind/jaxb-impl/2.2.3-1/jaxb-impl-2.2.3-1.jar:/home/student/.m2/repository/org/codehaus/jackson/jackson-jaxrs/1.9.2/jackson-jaxrs-1.9.2.jar:/home/student/.m2/repository/org/codehaus/jackson/jackson-xc/1.9.2/jackson-xc-1.9.2.jar:/home/student/.m2/repository/com/sun/jersey/jersey-server/1.19/jersey-server-1.19.jar:/home/student/.m2/repository/commons-logging/commons-logging/1.1.3/commons-logging-1.1.3.jar:/home/student/.m2/repository/commons-beanutils/commons-beanutils/1.9.4/commons-beanutils-1.9.4.jar:/home/student/.m2/repository/org/apache/commons/commons-configuration2/2.1.1/commons-configuration2-2.1.1.jar:/home/student/.m2/repository/com/google/re2j/re2j/1.1/re2j-1.1.jar:/home/student/.m2/repository/com/google/protobuf/protobuf-java/2.5.0/protobuf-java-2.5.0.jar:/home/student/.m2/repository/com/google/code/gson/gson/2.2.4/gson-2.2.4.jar:/home/student/.m2/repository/org/apache/hadoop/hadoop-auth/3.3.0/hadoop-auth-3.3.0.jar:/home/student/.m2/repository/com/nimbusds/nimbus-jose-jwt/7.9/nimbus-jose-jwt-7.9.jar:/home/student/.m2/repository/org/apache/kerby/kerb-simplekdc/1.0.1/kerb-simplekdc-1.0.1.jar:/home/student/.m2/repository/org/apache/kerby/kerb-client/1.0.1/kerb-client-1.0.1.jar:/home/student/.m2/repository/org/apache/kerby/kerby-config/1.0.1/kerby-config-1.0.1.jar:/home/student/.m2/repository/org/apache/kerby/kerb-common/1.0.1/kerb-common-1.0.1.jar:/home/student/.m2/repository/org/apache/kerby/kerb-crypto/1.0.1/kerb-crypto-1.0.1.jar:/home/student/.m2/repository/org/apache/kerby/kerb-util/1.0.1/kerb-util-1.0.1.jar:/home/student/.m2/repository/org/apache/kerby/token-provider/1.0.1/token-provider-1.0.1.jar:/home/student/.m2/repository/org/apache/kerby/kerb-admin/1.0.1/kerb-admin-1.0.1.jar:/home/student/.m2/repository/org/apache/kerby/kerb-server/1.0.1/kerb-server-1.0.1.jar:/home/student/.m2/repository/org/apache/kerby/kerb-identity/1.0.1/kerb-identity-1.0.1.jar:/home/student/.m2/repository/org/apache/kerby/kerby-xdr/1.0.1/kerby-xdr-1.0.1.jar:/home/student/.m2/repository/com/jcraft/jsch/0.1.55/jsch-0.1.55.jar:/home/student/.m2/repository/org/apache/curator/curator-client/4.2.0/curator-client-4.2.0.jar:/home/student/.m2/repository/org/apache/htrace/htrace-core4/4.1.0-incubating/htrace-core4-4.1.0-incubating.jar:/home/student/.m2/repository/org/apache/commons/commons-compress/1.19/commons-compress-1.19.jar:/home/student/.m2/repository/org/apache/kerby/kerb-core/1.0.1/kerb-core-1.0.1.jar:/home/student/.m2/repository/org/apache/kerby/kerby-pkix/1.0.1/kerby-pkix-1.0.1.jar:/home/student/.m2/repository/org/apache/kerby/kerby-asn1/1.0.1/kerby-asn1-1.0.1.jar:/home/student/.m2/repository/org/apache/kerby/kerby-util/1.0.1/kerby-util-1.0.1.jar:/home/student/.m2/repository/org/codehaus/woodstox/stax2-api/3.1.4/stax2-api-3.1.4.jar:/home/student/.m2/repository/com/fasterxml/woodstox/woodstox-core/5.0.3/woodstox-core-5.0.3.jar:/home/student/.m2/repository/dnsjava/dnsjava/2.1.7/dnsjava-2.1.7.jar:/home/student/.m2/repository/org/apache/hadoop/hadoop-azure/3.3.0/hadoop-azure-3.3.0.jar:/home/student/.m2/repository/com/microsoft/azure/azure-storage/7.0.0/azure-storage-7.0.0.jar:/home/student/.m2/repository/com/microsoft/azure/azure-keyvault-core/1.0.0/azure-keyvault-core-1.0.0.jar:/home/student/.m2/repository/org/eclipse/jetty/jetty-util-ajax/9.4.20.v20190813/jetty-util-ajax-9.4.20.v20190813.jar:/home/student/.m2/repository/org/codehaus/jackson/jackson-mapper-asl/1.9.13/jackson-mapper-asl-1.9.13.jar:/home/student/.m2/repository/org/codehaus/jackson/jackson-core-asl/1.9.13/jackson-core-asl-1.9.13.jar:/home/student/.m2/repository/org/wildfly/openssl/wildfly-openssl/1.0.7.Final/wildfly-openssl-1.0.7.Final.jar:/home/student/.m2/repository/com/microsoft/azure/azure-data-lake-store-sdk/2.2.8/azure-data-lake-store-sdk-2.2.8.jar:/home/student/.m2/repository/com/fasterxml/jackson/core/jackson-core/2.10.0/jackson-core-2.10.0.jar:/home/student/.m2/repository/com/microsoft/sqlserver/mssql-jdbc/6.2.1.jre8/mssql-jdbc-6.2.1.jre8.jar:/home/student/.m2/repository/com/databricks/dbutils-api_2.12/0.0.5/dbutils-api_2.12-0.0.5.jar:/home/student/.m2/repository/com/azure/azure-core/1.9.0/azure-core-1.9.0.jar:/home/student/.m2/repository/com/fasterxml/jackson/datatype/jackson-datatype-jsr310/2.11.2/jackson-datatype-jsr310-2.11.2.jar:/home/student/.m2/repository/com/fasterxml/jackson/dataformat/jackson-dataformat-xml/2.11.2/jackson-dataformat-xml-2.11.2.jar:/home/student/.m2/repository/com/fasterxml/jackson/module/jackson-module-jaxb-annotations/2.11.2/jackson-module-jaxb-annotations-2.11.2.jar:/home/student/.m2/repository/jakarta/activation/jakarta.activation-api/1.2.1/jakarta.activation-api-1.2.1.jar:/home/student/.m2/repository/io/projectreactor/reactor-core/3.3.9.RELEASE/reactor-core-3.3.9.RELEASE.jar:/home/student/.m2/repository/org/reactivestreams/reactive-streams/1.0.3/reactive-streams-1.0.3.jar:/home/student/.m2/repository/io/netty/netty-tcnative-boringssl-static/2.0.31.Final/netty-tcnative-boringssl-static-2.0.31.Final.jar:/home/student/.m2/repository/com/azure/azure-security-keyvault-secrets/4.2.1/azure-security-keyvault-secrets-4.2.1.jar:/home/student/.m2/repository/com/azure/azure-core-http-netty/1.6.1/azure-core-http-netty-1.6.1.jar:/home/student/.m2/repository/io/netty/netty-handler/4.1.51.Final/netty-handler-4.1.51.Final.jar:/home/student/.m2/repository/io/netty/netty-common/4.1.51.Final/netty-common-4.1.51.Final.jar:/home/student/.m2/repository/io/netty/netty-resolver/4.1.51.Final/netty-resolver-4.1.51.Final.jar:/home/student/.m2/repository/io/netty/netty-transport/4.1.51.Final/netty-transport-4.1.51.Final.jar:/home/student/.m2/repository/io/netty/netty-codec/4.1.51.Final/netty-codec-4.1.51.Final.jar:/home/student/.m2/repository/io/netty/netty-handler-proxy/4.1.51.Final/netty-handler-proxy-4.1.51.Final.jar:/home/student/.m2/repository/io/netty/netty-codec-socks/4.1.51.Final/netty-codec-socks-4.1.51.Final.jar:/home/student/.m2/repository/io/netty/netty-buffer/4.1.51.Final/netty-buffer-4.1.51.Final.jar:/home/student/.m2/repository/io/netty/netty-codec-http/4.1.51.Final/netty-codec-http-4.1.51.Final.jar:/home/student/.m2/repository/io/netty/netty-codec-http2/4.1.51.Final/netty-codec-http2-4.1.51.Final.jar:/home/student/.m2/repository/io/netty/netty-transport-native-unix-common/4.1.51.Final/netty-transport-native-unix-common-4.1.51.Final.jar:/home/student/.m2/repository/io/netty/netty-transport-native-epoll/4.1.51.Final/netty-transport-native-epoll-4.1.51.Final-linux-x86_64.jar:/home/student/.m2/repository/io/netty/netty-transport-native-kqueue/4.1.51.Final/netty-transport-native-kqueue-4.1.51.Final-osx-x86_64.jar:/home/student/.m2/repository/io/projectreactor/netty/reactor-netty/0.9.11.RELEASE/reactor-netty-0.9.11.RELEASE.jar:/home/student/.m2/repository/com/azure/azure-identity/1.1.3/azure-identity-1.1.3.jar:/home/student/.m2/repository/net/minidev/json-smart/2.3/json-smart-2.3.jar:/home/student/.m2/repository/net/minidev/accessors-smart/1.2/accessors-smart-1.2.jar:/home/student/.m2/repository/org/ow2/asm/asm/5.0.4/asm-5.0.4.jar:/home/student/.m2/repository/com/microsoft/azure/msal4j/1.7.1/msal4j-1.7.1.jar:/home/student/.m2/repository/com/microsoft/azure/msal4j-persistence-extension/1.0.0/msal4j-persistence-extension-1.0.0.jar:/home/student/.m2/repository/net/java/dev/jna/jna/5.5.0/jna-5.5.0.jar:/home/student/.m2/repository/com/nimbusds/oauth2-oidc-sdk/7.1.1/oauth2-oidc-sdk-7.1.1.jar:/home/student/.m2/repository/com/github/stephenc/jcip/jcip-annotations/1.0-1/jcip-annotations-1.0-1.jar:/home/student/.m2/repository/com/nimbusds/content-type/2.0/content-type-2.0.jar:/home/student/.m2/repository/com/nimbusds/lang-tag/1.4.4/lang-tag-1.4.4.jar:/home/student/.m2/repository/com/sun/mail/javax.mail/1.6.1/javax.mail-1.6.1.jar:/home/student/.m2/repository/org/nanohttpd/nanohttpd/2.3.1/nanohttpd-2.3.1.jar:/home/student/.m2/repository/net/java/dev/jna/jna-platform/5.6.0/jna-platform-5.6.0.jar:/home/student/.m2/repository/org/linguafranca/pwdb/KeePassJava2/2.1.4/KeePassJava2-2.1.4.jar:/home/student/.m2/repository/org/linguafranca/pwdb/KeePassJava2-kdb/2.1.4/KeePassJava2-kdb-2.1.4.jar:/home/student/.m2/repository/org/linguafranca/pwdb/database/2.1.4/database-2.1.4.jar:/home/student/.m2/repository/com/madgag/spongycastle/core/1.54.0.0/core-1.54.0.0.jar:/home/student/.m2/repository/org/linguafranca/pwdb/KeePassJava2-dom/2.1.4/KeePassJava2-dom-2.1.4.jar:/home/student/.m2/repository/org/linguafranca/pwdb/KeePassJava2-kdbx/2.1.4/KeePassJava2-kdbx-2.1.4.jar:/home/student/.m2/repository/org/linguafranca/pwdb/KeePassJava2-jaxb/2.1.4/KeePassJava2-jaxb-2.1.4.jar:/home/student/.m2/repository/org/linguafranca/pwdb/KeePassJava2-simple/2.1.4/KeePassJava2-simple-2.1.4.jar:/home/student/.m2/repository/org/simpleframework/simple-xml/2.7.1/simple-xml-2.7.1.jar:/home/student/.m2/repository/stax/stax-api/1.0.1/stax-api-1.0.1.jar:/home/student/.m2/repository/stax/stax/1.2.0/stax-1.2.0.jar:/home/student/.m2/repository/xpp3/xpp3/1.1.3.3/xpp3-1.1.3.3.jar:/home/student/.m2/repository/com/fasterxml/aalto-xml/1.0.0/aalto-xml-1.0.0.jar:/home/student/.m2/repository/com/azure/azure-storage-blob/12.16.0/azure-storage-blob-12.16.0.jar:/home/student/.m2/repository/com/azure/azure-storage-common/12.15.1/azure-storage-common-12.15.1.jar:/home/student/.m2/repository/com/azure/azure-storage-internal-avro/12.2.1/azure-storage-internal-avro-12.2.1.jar:/home/student/.m2/repository/io/delta/delta-core_2.12/0.7.0/delta-core_2.12-0.7.0.jar:/home/student/.m2/repository/org/antlr/antlr4/4.7/antlr4-4.7.jar:/home/student/.m2/repository/org/antlr/antlr-runtime/3.5.2/antlr-runtime-3.5.2.jar:/home/student/.m2/repository/org/antlr/ST4/4.0.8/ST4-4.0.8.jar:/home/student/.m2/repository/org/abego/treelayout/org.abego.treelayout.core/1.0.3/org.abego.treelayout.core-1.0.3.jar:/home/student/.m2/repository/org/glassfish/javax.json/1.0.4/javax.json-1.0.4.jar:/home/student/.m2/repository/com/ibm/icu/icu4j/58.2/icu4j-58.2.jar:/home/student/.m2/repository/org/antlr/antlr4-runtime/4.7/antlr4-runtime-4.7.jar:/home/student/.m2/repository/org/scalatest/scalatest_2.12/3.0.5/scalatest_2.12-3.0.5.jar:/home/student/.m2/repository/org/scalactic/scalactic_2.12/3.0.5/scalactic_2.12-3.0.5.jar:/home/student/.m2/repository/junit/junit/4.13/junit-4.13.jar:/home/student/.m2/repository/org/hamcrest/hamcrest-core/1.3/hamcrest-core-1.3.jar:/home/student/.m2/repository/org/mockito/mockito-all/1.10.19/mockito-all-1.10.19.jar">
</property>
    <property name="java.vm.specification.version" value="11"/>
    <property name="sun.arch.data.model" value="64"/>
    <property 
    name="sun.java.command" value="org.scalatest.tools.Runner -R /home/student/spark-maven-demo/target/classes /home/student/spark-maven-demo/target/test-classes -o -fWDF /home/student/spark-maven-demo/target/surefire-reports/TestSuite.txt -u /home/student/spark-maven-demo/target/surefire-reports/.">
</property>
    <property name="java.home" value="/usr/lib/jvm/java-11-openjdk-amd64"/>
    <property name="user.language" value="pl"/>
    <property name="java.specification.vendor" value="Oracle Corporation"/>
    <property name="awt.toolkit" value="sun.awt.X11.XToolkit"/>
    <property name="java.vm.info" value="mixed mode, sharing"/>
    <property name="java.version" value="11.0.13"/>
    <property name="java.vendor" value="Ubuntu"/>
    <property name="file.separator" value="/"/>
    <property name="java.version.date" value="2021-10-19"/>
    <property 
    name="java.vendor.url.bug" value="https://bugs.launchpad.net/ubuntu/+source/openjdk-lts">
</property>
    <property name="sun.io.unicode.encoding" value="UnicodeLittle"/>
    <property name="sun.cpu.endian" value="little"/>
    <property name="sun.cpu.isalist" value=""/>
  </properties>
  <system-out><![CDATA[]]></system-out>
  <system-err><![CDATA[]]></system-err>
</testsuite>
